<?xml version="1.0" encoding="UTF-8"?>
<robot generator="Robot 4.1.1 (Python 3.9.7 on win32)" generated="20211020 08:58:34.390" rpa="false" schemaversion="2">
<suite id="s1" name="Cadastro" source="D:\Projetos_Git\Gravidade-ZERO-Pro\tests\Cadastro.robot">
<test id="s1-t1" name="E-mail duplicado">
<kw name="Acessar Página Web" library="Base" type="SETUP">
<kw name="New Browser" library="Browser">
<arg>chromium</arg>
<arg>headless=false</arg>
<tag>BrowserControl</tag>
<tag>Setter</tag>
<doc>Create a new playwright Browser with specified options.</doc>
<msg timestamp="20211020 08:58:35.427" level="INFO">{"browser": "chromium", "headless": false, "handleSIGINT": true, "handleSIGTERM": true, "handleSIGHUP": true, "timeout": 30000.0, "devtools": false, "slowMo": 0.0, "tracesDir": "D:\\Projetos_Git\\Gravidade-ZERO-Pro\\logs\\browser\\traces\\771f972f-b55d-4c42-b571-c9ef80e852ca"}</msg>
<msg timestamp="20211020 08:58:35.990" level="INFO">Successfully created browser with options: {"browser":"chromium","headless":false,"handleSIGINT":true,"handleSIGTERM":true,"handleSIGHUP":true,"timeout":30000,"devtools":false,"slowMo":0,"tracesDir":"D:\\Projetos_Git\\Gravidade-ZERO-Pro\\logs\\browser\\traces\\771f972f-b55d-4c42-b571-c9ef80e852ca"}</msg>
<status status="PASS" starttime="20211020 08:58:35.426" endtime="20211020 08:58:35.990"/>
</kw>
<kw name="New Page" library="Browser">
<arg>https://getgeeks-patrick.herokuapp.com/</arg>
<tag>BrowserControl</tag>
<tag>Setter</tag>
<doc>Open a new Page. A Page is the Playwright equivalent to a tab.
See `Browser, Context and Page` for more information about Page concept.
Returns a stable identifier for the created page.</doc>
<msg timestamp="20211020 08:58:38.021" level="INFO">Successfully initialized new page object and opened url: https://getgeeks-patrick.herokuapp.com/</msg>
<msg timestamp="20211020 08:58:38.021" level="INFO">No context was open. New context was automatically opened when this page is created.</msg>
<status status="PASS" starttime="20211020 08:58:35.990" endtime="20211020 08:58:38.021"/>
</kw>
<status status="PASS" starttime="20211020 08:58:35.426" endtime="20211020 08:58:38.021"/>
</kw>
<kw name="Usuario Valido" library="Usuario">
<var>${user}</var>
<msg timestamp="20211020 08:58:38.023" level="INFO">${user} = {'nome': 'Melissa', 'sobrenome': 'Lamb', 'email': 'bgarner@yahoo.com', 'senha': 'Playboy'}</msg>
<status status="PASS" starttime="20211020 08:58:38.022" endtime="20211020 08:58:38.023"/>
</kw>
<kw name="Registrar Usuario" library="Helpers">
<arg>${user}</arg>
<kw name="Ir para o Formulário de Cadastro" library="Actions">
<kw name="Click" library="Browser">
<arg>xpath=//a[@href='/signup']</arg>
<tag>PageContent</tag>
<tag>Setter</tag>
<doc>Simulates mouse click on the element found by ``selector``.</doc>
<status status="PASS" starttime="20211020 08:58:38.024" endtime="20211020 08:58:38.138"/>
</kw>
<kw name="Wait For Elements State" library="Browser">
<arg>css=.signup-form</arg>
<tag>PageContent</tag>
<tag>Wait</tag>
<doc>Waits for the element found by ``selector`` to satisfy state option.</doc>
<msg timestamp="20211020 08:58:38.156" level="INFO">Wait for Element with selector: css=.signup-form</msg>
<status status="PASS" starttime="20211020 08:58:38.138" endtime="20211020 08:58:38.157"/>
</kw>
<status status="PASS" starttime="20211020 08:58:38.024" endtime="20211020 08:58:38.157"/>
</kw>
<kw name="Preencher os Campos de Cadastro" library="Actions">
<arg>${user}</arg>
<kw name="Fill Text" library="Browser">
<arg>id=name</arg>
<arg>${user}[nome]</arg>
<tag>PageContent</tag>
<tag>Setter</tag>
<doc>Clears and fills the given ``txt`` into the text field found by ``selector``.</doc>
<msg timestamp="20211020 08:58:38.157" level="INFO">Fills the text 'Melissa' in the given field.</msg>
<status status="PASS" starttime="20211020 08:58:38.157" endtime="20211020 08:58:38.180"/>
</kw>
<kw name="Fill Text" library="Browser">
<arg>id=lastname</arg>
<arg>${user}[sobrenome]</arg>
<tag>PageContent</tag>
<tag>Setter</tag>
<doc>Clears and fills the given ``txt`` into the text field found by ``selector``.</doc>
<msg timestamp="20211020 08:58:38.180" level="INFO">Fills the text 'Lamb' in the given field.</msg>
<status status="PASS" starttime="20211020 08:58:38.180" endtime="20211020 08:58:38.197"/>
</kw>
<kw name="Fill Text" library="Browser">
<arg>id=email</arg>
<arg>${user}[email]</arg>
<tag>PageContent</tag>
<tag>Setter</tag>
<doc>Clears and fills the given ``txt`` into the text field found by ``selector``.</doc>
<msg timestamp="20211020 08:58:38.198" level="INFO">Fills the text 'bgarner@yahoo.com' in the given field.</msg>
<status status="PASS" starttime="20211020 08:58:38.198" endtime="20211020 08:58:38.215"/>
</kw>
<kw name="Fill Text" library="Browser">
<arg>id=password</arg>
<arg>${user}[senha]</arg>
<tag>PageContent</tag>
<tag>Setter</tag>
<doc>Clears and fills the given ``txt`` into the text field found by ``selector``.</doc>
<msg timestamp="20211020 08:58:38.216" level="INFO">Fills the text 'Playboy' in the given field.</msg>
<status status="PASS" starttime="20211020 08:58:38.216" endtime="20211020 08:58:38.230"/>
</kw>
<status status="PASS" starttime="20211020 08:58:38.157" endtime="20211020 08:58:38.231"/>
</kw>
<kw name="Clicar em Cadastrar" library="Actions">
<kw name="Click" library="Browser">
<arg>css=.submit-button &gt;&gt; text=Cadastrar</arg>
<tag>PageContent</tag>
<tag>Setter</tag>
<doc>Simulates mouse click on the element found by ``selector``.</doc>
<status status="PASS" starttime="20211020 08:58:38.231" endtime="20211020 08:58:38.290"/>
</kw>
<status status="PASS" starttime="20211020 08:58:38.231" endtime="20211020 08:58:38.291"/>
</kw>
<kw name="Verificar Mensagem de Sucesso" library="Actions">
<kw name="Set Variable" library="BuiltIn">
<var>${expect_mensagem}</var>
<arg>Agora você faz parte da Getgeeks. Tenha uma ótima experiência.</arg>
<doc>Returns the given values which can then be assigned to a variables.</doc>
<msg timestamp="20211020 08:58:38.291" level="INFO">${expect_mensagem} = Agora você faz parte da Getgeeks. Tenha uma ótima experiência.</msg>
<status status="PASS" starttime="20211020 08:58:38.291" endtime="20211020 08:58:38.291"/>
</kw>
<kw name="Wait For Elements State" library="Browser">
<arg>css=p &gt;&gt; text=${expect_mensagem}</arg>
<arg>Visible</arg>
<arg>5</arg>
<tag>PageContent</tag>
<tag>Wait</tag>
<doc>Waits for the element found by ``selector`` to satisfy state option.</doc>
<msg timestamp="20211020 08:58:39.154" level="INFO">Wait for Element with selector: css=p &gt;&gt; text=Agora você faz parte da Getgeeks. Tenha uma ótima experiência.</msg>
<status status="PASS" starttime="20211020 08:58:38.291" endtime="20211020 08:58:39.154"/>
</kw>
<status status="PASS" starttime="20211020 08:58:38.291" endtime="20211020 08:58:39.154"/>
</kw>
<kw name="Click" library="Browser">
<arg>css=a[href="/"] &gt;&gt; text=Voltar</arg>
<tag>PageContent</tag>
<tag>Setter</tag>
<doc>Simulates mouse click on the element found by ``selector``.</doc>
<status status="PASS" starttime="20211020 08:58:39.154" endtime="20211020 08:58:39.191"/>
</kw>
<status status="PASS" starttime="20211020 08:58:38.023" endtime="20211020 08:58:39.191"/>
</kw>
<kw name="Ir para o Formulário de Cadastro" library="Actions">
<kw name="Click" library="Browser">
<arg>xpath=//a[@href='/signup']</arg>
<tag>PageContent</tag>
<tag>Setter</tag>
<doc>Simulates mouse click on the element found by ``selector``.</doc>
<status status="PASS" starttime="20211020 08:58:39.192" endtime="20211020 08:58:39.241"/>
</kw>
<kw name="Wait For Elements State" library="Browser">
<arg>css=.signup-form</arg>
<tag>PageContent</tag>
<tag>Wait</tag>
<doc>Waits for the element found by ``selector`` to satisfy state option.</doc>
<msg timestamp="20211020 08:58:39.251" level="INFO">Wait for Element with selector: css=.signup-form</msg>
<status status="PASS" starttime="20211020 08:58:39.241" endtime="20211020 08:58:39.252"/>
</kw>
<status status="PASS" starttime="20211020 08:58:39.191" endtime="20211020 08:58:39.252"/>
</kw>
<kw name="Preencher os Campos de Cadastro" library="Actions">
<arg>${user}</arg>
<kw name="Fill Text" library="Browser">
<arg>id=name</arg>
<arg>${user}[nome]</arg>
<tag>PageContent</tag>
<tag>Setter</tag>
<doc>Clears and fills the given ``txt`` into the text field found by ``selector``.</doc>
<msg timestamp="20211020 08:58:39.253" level="INFO">Fills the text 'Melissa' in the given field.</msg>
<status status="PASS" starttime="20211020 08:58:39.253" endtime="20211020 08:58:39.268"/>
</kw>
<kw name="Fill Text" library="Browser">
<arg>id=lastname</arg>
<arg>${user}[sobrenome]</arg>
<tag>PageContent</tag>
<tag>Setter</tag>
<doc>Clears and fills the given ``txt`` into the text field found by ``selector``.</doc>
<msg timestamp="20211020 08:58:39.269" level="INFO">Fills the text 'Lamb' in the given field.</msg>
<status status="PASS" starttime="20211020 08:58:39.268" endtime="20211020 08:58:39.285"/>
</kw>
<kw name="Fill Text" library="Browser">
<arg>id=email</arg>
<arg>${user}[email]</arg>
<tag>PageContent</tag>
<tag>Setter</tag>
<doc>Clears and fills the given ``txt`` into the text field found by ``selector``.</doc>
<msg timestamp="20211020 08:58:39.285" level="INFO">Fills the text 'bgarner@yahoo.com' in the given field.</msg>
<status status="PASS" starttime="20211020 08:58:39.285" endtime="20211020 08:58:39.306"/>
</kw>
<kw name="Fill Text" library="Browser">
<arg>id=password</arg>
<arg>${user}[senha]</arg>
<tag>PageContent</tag>
<tag>Setter</tag>
<doc>Clears and fills the given ``txt`` into the text field found by ``selector``.</doc>
<msg timestamp="20211020 08:58:39.307" level="INFO">Fills the text 'Playboy' in the given field.</msg>
<status status="PASS" starttime="20211020 08:58:39.307" endtime="20211020 08:58:39.321"/>
</kw>
<status status="PASS" starttime="20211020 08:58:39.252" endtime="20211020 08:58:39.321"/>
</kw>
<kw name="Clicar em Cadastrar" library="Actions">
<kw name="Click" library="Browser">
<arg>css=.submit-button &gt;&gt; text=Cadastrar</arg>
<tag>PageContent</tag>
<tag>Setter</tag>
<doc>Simulates mouse click on the element found by ``selector``.</doc>
<status status="PASS" starttime="20211020 08:58:39.322" endtime="20211020 08:58:39.379"/>
</kw>
<status status="PASS" starttime="20211020 08:58:39.321" endtime="20211020 08:58:39.379"/>
</kw>
<kw name="Verificar Modal de Alerta" library="Actions">
<arg>Já temos um usuário com o e-mail informado.</arg>
<kw name="Set Variable" library="BuiltIn">
<var>${modal_element}</var>
<arg>css=.swal2-html-container</arg>
<doc>Returns the given values which can then be assigned to a variables.</doc>
<msg timestamp="20211020 08:58:39.380" level="INFO">${modal_element} = css=.swal2-html-container</msg>
<status status="PASS" starttime="20211020 08:58:39.380" endtime="20211020 08:58:39.380"/>
</kw>
<kw name="Set Variable" library="BuiltIn">
<var>${modal_title}</var>
<arg>css=.swal2-title</arg>
<doc>Returns the given values which can then be assigned to a variables.</doc>
<msg timestamp="20211020 08:58:39.380" level="INFO">${modal_title} = css=.swal2-title</msg>
<status status="PASS" starttime="20211020 08:58:39.380" endtime="20211020 08:58:39.380"/>
</kw>
<kw name="Wait For Elements State" library="Browser">
<arg>${modal_title}</arg>
<arg>Visible</arg>
<arg>5</arg>
<tag>PageContent</tag>
<tag>Wait</tag>
<doc>Waits for the element found by ``selector`` to satisfy state option.</doc>
<msg timestamp="20211020 08:58:39.557" level="INFO">Wait for Element with selector: css=.swal2-title</msg>
<status status="PASS" starttime="20211020 08:58:39.381" endtime="20211020 08:58:39.557"/>
</kw>
<kw name="Get Text" library="Browser">
<arg>${modal_title}</arg>
<arg>equal</arg>
<arg>Oops...</arg>
<tag>Assertion</tag>
<tag>Getter</tag>
<tag>PageContent</tag>
<doc>Returns text attribute of the element found by ``selector``.</doc>
<status status="PASS" starttime="20211020 08:58:39.558" endtime="20211020 08:58:39.576"/>
</kw>
<kw name="Wait For Elements State" library="Browser">
<arg>${modal_element}</arg>
<arg>Visible</arg>
<arg>5</arg>
<tag>PageContent</tag>
<tag>Wait</tag>
<doc>Waits for the element found by ``selector`` to satisfy state option.</doc>
<msg timestamp="20211020 08:58:39.588" level="INFO">Wait for Element with selector: css=.swal2-html-container</msg>
<status status="PASS" starttime="20211020 08:58:39.576" endtime="20211020 08:58:39.588"/>
</kw>
<kw name="Get Text" library="Browser">
<arg>${modal_element}</arg>
<arg>equal</arg>
<arg>${expect_mensagem}</arg>
<tag>Assertion</tag>
<tag>Getter</tag>
<tag>PageContent</tag>
<doc>Returns text attribute of the element found by ``selector``.</doc>
<status status="PASS" starttime="20211020 08:58:39.589" endtime="20211020 08:58:39.603"/>
</kw>
<status status="PASS" starttime="20211020 08:58:39.380" endtime="20211020 08:58:39.603"/>
</kw>
<kw name="Encerrar Sessão" library="Base" type="TEARDOWN">
<kw name="Take Screenshot" library="Browser">
<tag>PageContent</tag>
<doc>Takes a screenshot of the current window or element and saves it to disk.</doc>
<msg timestamp="20211020 08:58:39.800" level="INFO" html="true">&lt;/td&gt;&lt;/tr&gt;&lt;tr&gt;&lt;td colspan="3"&gt;&lt;a href="browser/screenshot/robotframework-browser-screenshot-1.png"&gt;&lt;img src="browser/screenshot/robotframework-browser-screenshot-1.png" width="800px"&gt;&lt;/a&gt;</msg>
<status status="PASS" starttime="20211020 08:58:39.604" endtime="20211020 08:58:39.800"/>
</kw>
<status status="PASS" starttime="20211020 08:58:39.604" endtime="20211020 08:58:39.800"/>
</kw>
<tag>email_dup</tag>
<status status="PASS" starttime="20211020 08:58:35.424" endtime="20211020 08:58:39.801"/>
</test>
<doc>Suite de Testes da tela de cadastro de usuário</doc>
<status status="PASS" starttime="20211020 08:58:34.392" endtime="20211020 08:58:39.854"/>
</suite>
<statistics>
<total>
<stat pass="1" fail="0" skip="0">All Tests</stat>
</total>
<tag>
<stat pass="1" fail="0" skip="0">email_dup</stat>
</tag>
<suite>
<stat pass="1" fail="0" skip="0" id="s1" name="Cadastro">Cadastro</stat>
</suite>
</statistics>
<errors>
</errors>
</robot>
