<?xml version="1.0" encoding="UTF-8"?>
<robot generator="Robot 4.1.1 (Python 3.9.7 on win32)" generated="20211130 17:10:25.854" rpa="false" schemaversion="2">
<suite id="s1" name="Login" source="D:\Projetos_Git\Gravidade-ZERO-Pro\tests\Login.robot">
<test id="s1-t1" name="Logar com usuário válido">
<kw name="Acessar Página Web" library="Base" type="SETUP">
<kw name="New Browser" library="Browser">
<arg>chromium</arg>
<arg>headless=false</arg>
<arg>slowMo=00:00:00</arg>
<tag>BrowserControl</tag>
<tag>Setter</tag>
<doc>Create a new playwright Browser with specified options.</doc>
<msg timestamp="20211130 17:10:27.512" level="INFO">{"browser": "chromium", "headless": false, "handleSIGINT": true, "handleSIGTERM": true, "handleSIGHUP": true, "timeout": 30000.0, "devtools": false, "slowMo": 0.0, "tracesDir": "D:\\Projetos_Git\\Gravidade-ZERO-Pro\\logs\\browser\\traces\\10dc0b84-6125-429f-995d-19e538859b4a"}</msg>
<msg timestamp="20211130 17:10:28.252" level="INFO">Successfully created browser with options: {"browser":"chromium","headless":false,"handleSIGINT":true,"handleSIGTERM":true,"handleSIGHUP":true,"timeout":30000,"devtools":false,"slowMo":0,"tracesDir":"D:\\Projetos_Git\\Gravidade-ZERO-Pro\\logs\\browser\\traces\\10dc0b84-6125-429f-995d-19e538859b4a"}</msg>
<status status="PASS" starttime="20211130 17:10:27.511" endtime="20211130 17:10:28.253"/>
</kw>
<kw name="New Page" library="Browser">
<arg>${urlBase}</arg>
<tag>BrowserControl</tag>
<tag>Setter</tag>
<doc>Open a new Page. A Page is the Playwright equivalent to a tab.
See `Browser, Context and Page` for more information about Page concept.
Returns a stable identifier for the created page.</doc>
<msg timestamp="20211130 17:10:36.150" level="INFO">Successfully initialized new page object and opened url: https://getgeeks-patrick.herokuapp.com</msg>
<msg timestamp="20211130 17:10:36.151" level="INFO">No context was open. New context was automatically opened when this page is created.</msg>
<status status="PASS" starttime="20211130 17:10:28.253" endtime="20211130 17:10:36.151"/>
</kw>
<status status="PASS" starttime="20211130 17:10:27.511" endtime="20211130 17:10:36.151"/>
</kw>
<kw name="Usuario Login" library="Usuario">
<var>${user}</var>
<msg timestamp="20211130 17:10:36.152" level="INFO">${user} = {'nome': 'Patrick', 'sobrenome': 'Ferreira', 'email': 'patrickisrael@teste.com.br', 'senha': 'Playboy'}</msg>
<status status="PASS" starttime="20211130 17:10:36.152" endtime="20211130 17:10:36.152"/>
</kw>
<kw name="Ir para a tela de login" library="LoginActions">
<kw name="Go To" library="Browser">
<arg>${urlBase}</arg>
<tag>BrowserControl</tag>
<tag>Setter</tag>
<doc>Navigates to the given ``url``.</doc>
<msg timestamp="20211130 17:10:36.740" level="INFO">Successfully opened URL https://getgeeks-patrick.herokuapp.com</msg>
<status status="PASS" starttime="20211130 17:10:36.153" endtime="20211130 17:10:36.741"/>
</kw>
<kw name="Wait For Elements State" library="Browser">
<arg>css=.login-form</arg>
<arg>visible</arg>
<arg>5</arg>
<tag>PageContent</tag>
<tag>Wait</tag>
<doc>Waits for the element found by ``selector`` to satisfy state option.</doc>
<msg timestamp="20211130 17:10:36.775" level="INFO">Wait for Element with selector: css=.login-form</msg>
<status status="PASS" starttime="20211130 17:10:36.741" endtime="20211130 17:10:36.775"/>
</kw>
<status status="PASS" starttime="20211130 17:10:36.152" endtime="20211130 17:10:36.776"/>
</kw>
<kw name="Preencher as credenciais" library="LoginActions">
<arg>${user}</arg>
<kw name="Fill Text" library="Browser">
<arg>${INPUT_EMAIL}</arg>
<arg>${user}[email]</arg>
<tag>PageContent</tag>
<tag>Setter</tag>
<doc>Clears and fills the given ``txt`` into the text field found by ``selector``.</doc>
<msg timestamp="20211130 17:10:36.777" level="INFO">Fills the text 'patrickisrael@teste.com.br' in the given field.</msg>
<status status="PASS" starttime="20211130 17:10:36.777" endtime="20211130 17:10:36.802"/>
</kw>
<kw name="Fill Text" library="Browser">
<arg>${INPUT_SENHA}</arg>
<arg>${user}[senha]</arg>
<tag>PageContent</tag>
<tag>Setter</tag>
<doc>Clears and fills the given ``txt`` into the text field found by ``selector``.</doc>
<msg timestamp="20211130 17:10:36.803" level="INFO">Fills the text 'Playboy' in the given field.</msg>
<status status="PASS" starttime="20211130 17:10:36.803" endtime="20211130 17:10:36.825"/>
</kw>
<status status="PASS" starttime="20211130 17:10:36.776" endtime="20211130 17:10:36.825"/>
</kw>
<kw name="Submeter o Formulário" library="LoginActions">
<kw name="Click" library="Browser">
<arg>css=.submit-button &gt;&gt; text=Entrar</arg>
<tag>PageContent</tag>
<tag>Setter</tag>
<doc>Simulates mouse click on the element found by ``selector``.</doc>
<status status="PASS" starttime="20211130 17:10:36.826" endtime="20211130 17:10:36.906"/>
</kw>
<status status="PASS" starttime="20211130 17:10:36.826" endtime="20211130 17:10:36.906"/>
</kw>
<kw name="Validar login do usuário" library="LoginActions">
<arg>${user}</arg>
<kw name="Set Variable" library="BuiltIn">
<var>${element}</var>
<arg>css=a[href="/profile"]</arg>
<doc>Returns the given values which can then be assigned to a variables.</doc>
<msg timestamp="20211130 17:10:36.907" level="INFO">${element} = css=a[href="/profile"]</msg>
<status status="PASS" starttime="20211130 17:10:36.907" endtime="20211130 17:10:36.907"/>
</kw>
<kw name="Wait For Elements State" library="Browser">
<arg>${element}</arg>
<arg>visible</arg>
<arg>5</arg>
<tag>PageContent</tag>
<tag>Wait</tag>
<doc>Waits for the element found by ``selector`` to satisfy state option.</doc>
<msg timestamp="20211130 17:10:37.902" level="INFO">Wait for Element with selector: css=a[href="/profile"]</msg>
<status status="PASS" starttime="20211130 17:10:36.908" endtime="20211130 17:10:37.903"/>
</kw>
<kw name="Get Text" library="Browser">
<arg>${element}</arg>
<arg>equal</arg>
<arg>${user}[nome] ${user}[sobrenome]</arg>
<tag>Assertion</tag>
<tag>Getter</tag>
<tag>PageContent</tag>
<doc>Returns text attribute of the element found by ``selector``.</doc>
<status status="PASS" starttime="20211130 17:10:37.903" endtime="20211130 17:10:37.926"/>
</kw>
<status status="PASS" starttime="20211130 17:10:36.907" endtime="20211130 17:10:37.926"/>
</kw>
<kw name="Encerrar Sessão" library="Base" type="TEARDOWN">
<kw name="Take Screenshot" library="Browser">
<tag>PageContent</tag>
<doc>Takes a screenshot of the current window or element and saves it to disk.</doc>
<msg timestamp="20211130 17:10:38.082" level="INFO" html="true">&lt;/td&gt;&lt;/tr&gt;&lt;tr&gt;&lt;td colspan="3"&gt;&lt;a href="browser/screenshot/robotframework-browser-screenshot-1.png"&gt;&lt;img src="browser/screenshot/robotframework-browser-screenshot-1.png" width="800px"&gt;&lt;/a&gt;</msg>
<status status="PASS" starttime="20211130 17:10:37.927" endtime="20211130 17:10:38.082"/>
</kw>
<status status="PASS" starttime="20211130 17:10:37.927" endtime="20211130 17:10:38.083"/>
</kw>
<status status="PASS" starttime="20211130 17:10:27.508" endtime="20211130 17:10:38.083"/>
</test>
<test id="s1-t2" name="Logar com usuário inválido">
<kw name="Acessar Página Web" library="Base" type="SETUP">
<kw name="New Browser" library="Browser">
<arg>chromium</arg>
<arg>headless=false</arg>
<arg>slowMo=00:00:00</arg>
<tag>BrowserControl</tag>
<tag>Setter</tag>
<doc>Create a new playwright Browser with specified options.</doc>
<msg timestamp="20211130 17:10:38.168" level="INFO">{"browser": "chromium", "headless": false, "handleSIGINT": true, "handleSIGTERM": true, "handleSIGHUP": true, "timeout": 30000.0, "devtools": false, "slowMo": 0.0, "tracesDir": "D:\\Projetos_Git\\Gravidade-ZERO-Pro\\logs\\browser\\traces\\81e26484-22bb-4930-89a1-3c7fba19aada"}</msg>
<msg timestamp="20211130 17:10:38.878" level="INFO">Successfully created browser with options: {"browser":"chromium","headless":false,"handleSIGINT":true,"handleSIGTERM":true,"handleSIGHUP":true,"timeout":30000,"devtools":false,"slowMo":0,"tracesDir":"D:\\Projetos_Git\\Gravidade-ZERO-Pro\\logs\\browser\\traces\\81e26484-22bb-4930-89a1-3c7fba19aada"}</msg>
<status status="PASS" starttime="20211130 17:10:38.167" endtime="20211130 17:10:38.878"/>
</kw>
<kw name="New Page" library="Browser">
<arg>${urlBase}</arg>
<tag>BrowserControl</tag>
<tag>Setter</tag>
<doc>Open a new Page. A Page is the Playwright equivalent to a tab.
See `Browser, Context and Page` for more information about Page concept.
Returns a stable identifier for the created page.</doc>
<msg timestamp="20211130 17:10:49.123" level="WARN">Keyword 'Take Screenshot' could not be run on failure:
Error: Tried to take screenshot, but no page was open.</msg>
<msg timestamp="20211130 17:10:49.127" level="FAIL">TimeoutError: page.goto: Timeout 10000ms exceeded.
=========================== logs ===========================
navigating to "https://getgeeks-patrick.herokuapp.com/", waiting until "load"
============================================================</msg>
<status status="FAIL" starttime="20211130 17:10:38.879" endtime="20211130 17:10:49.127"/>
</kw>
<status status="FAIL" starttime="20211130 17:10:38.166" endtime="20211130 17:10:49.128"/>
</kw>
<kw name="Encerrar Sessão" library="Base" type="TEARDOWN">
<kw name="Take Screenshot" library="Browser">
<tag>PageContent</tag>
<doc>Takes a screenshot of the current window or element and saves it to disk.</doc>
<msg timestamp="20211130 17:10:49.140" level="WARN">Keyword 'Take Screenshot' could not be run on failure:
Error: Tried to take screenshot, but no page was open.</msg>
<msg timestamp="20211130 17:10:49.142" level="FAIL">Error: Tried to take screenshot, but no page was open.</msg>
<status status="FAIL" starttime="20211130 17:10:49.129" endtime="20211130 17:10:49.142"/>
</kw>
<status status="FAIL" starttime="20211130 17:10:49.128" endtime="20211130 17:10:49.142">Error: Tried to take screenshot, but no page was open.</status>
</kw>
<status status="FAIL" starttime="20211130 17:10:38.163" endtime="20211130 17:10:49.143">Setup failed:
TimeoutError: page.goto: Timeout 10000ms exceeded.
=========================== logs ===========================
navigating to "https://getgeeks-patrick.herokuapp.com/", waiting until "load"
============================================================

Also teardown failed:
Error: Tried to take screenshot, but no page was open.</status>
</test>
<test id="s1-t3" name="Logar com usuário inexistente">
<kw name="Acessar Página Web" library="Base" type="SETUP">
<kw name="New Browser" library="Browser">
<arg>chromium</arg>
<arg>headless=false</arg>
<arg>slowMo=00:00:00</arg>
<tag>BrowserControl</tag>
<tag>Setter</tag>
<doc>Create a new playwright Browser with specified options.</doc>
<msg timestamp="20211130 17:10:49.200" level="INFO">{"browser": "chromium", "headless": false, "handleSIGINT": true, "handleSIGTERM": true, "handleSIGHUP": true, "timeout": 30000.0, "devtools": false, "slowMo": 0.0, "tracesDir": "D:\\Projetos_Git\\Gravidade-ZERO-Pro\\logs\\browser\\traces\\9c6bba95-0a82-4662-b375-437a8cc28116"}</msg>
<msg timestamp="20211130 17:10:49.799" level="INFO">Successfully created browser with options: {"browser":"chromium","headless":false,"handleSIGINT":true,"handleSIGTERM":true,"handleSIGHUP":true,"timeout":30000,"devtools":false,"slowMo":0,"tracesDir":"D:\\Projetos_Git\\Gravidade-ZERO-Pro\\logs\\browser\\traces\\9c6bba95-0a82-4662-b375-437a8cc28116"}</msg>
<status status="PASS" starttime="20211130 17:10:49.199" endtime="20211130 17:10:49.800"/>
</kw>
<kw name="New Page" library="Browser">
<arg>${urlBase}</arg>
<tag>BrowserControl</tag>
<tag>Setter</tag>
<doc>Open a new Page. A Page is the Playwright equivalent to a tab.
See `Browser, Context and Page` for more information about Page concept.
Returns a stable identifier for the created page.</doc>
<msg timestamp="20211130 17:10:52.007" level="INFO">Successfully initialized new page object and opened url: https://getgeeks-patrick.herokuapp.com</msg>
<msg timestamp="20211130 17:10:52.007" level="INFO">No context was open. New context was automatically opened when this page is created.</msg>
<status status="PASS" starttime="20211130 17:10:49.800" endtime="20211130 17:10:52.007"/>
</kw>
<status status="PASS" starttime="20211130 17:10:49.198" endtime="20211130 17:10:52.007"/>
</kw>
<kw name="Create Dictionary" library="BuiltIn">
<var>${user}</var>
<arg>email=patrickisrael1@dev.com.br</arg>
<arg>senha=teste123</arg>
<doc>Creates and returns a dictionary based on the given ``items``.</doc>
<msg timestamp="20211130 17:10:52.009" level="INFO">${user} = {'email': 'patrickisrael1@dev.com.br', 'senha': 'teste123'}</msg>
<status status="PASS" starttime="20211130 17:10:52.008" endtime="20211130 17:10:52.009"/>
</kw>
<kw name="Ir para a tela de login" library="LoginActions">
<kw name="Go To" library="Browser">
<arg>${urlBase}</arg>
<tag>BrowserControl</tag>
<tag>Setter</tag>
<doc>Navigates to the given ``url``.</doc>
<msg timestamp="20211130 17:10:52.576" level="INFO">Successfully opened URL https://getgeeks-patrick.herokuapp.com</msg>
<status status="PASS" starttime="20211130 17:10:52.010" endtime="20211130 17:10:52.576"/>
</kw>
<kw name="Wait For Elements State" library="Browser">
<arg>css=.login-form</arg>
<arg>visible</arg>
<arg>5</arg>
<tag>PageContent</tag>
<tag>Wait</tag>
<doc>Waits for the element found by ``selector`` to satisfy state option.</doc>
<msg timestamp="20211130 17:10:52.599" level="INFO">Wait for Element with selector: css=.login-form</msg>
<status status="PASS" starttime="20211130 17:10:52.577" endtime="20211130 17:10:52.600"/>
</kw>
<status status="PASS" starttime="20211130 17:10:52.009" endtime="20211130 17:10:52.600"/>
</kw>
<kw name="Preencher as credenciais" library="LoginActions">
<arg>${user}</arg>
<kw name="Fill Text" library="Browser">
<arg>${INPUT_EMAIL}</arg>
<arg>${user}[email]</arg>
<tag>PageContent</tag>
<tag>Setter</tag>
<doc>Clears and fills the given ``txt`` into the text field found by ``selector``.</doc>
<msg timestamp="20211130 17:10:52.601" level="INFO">Fills the text 'patrickisrael1@dev.com.br' in the given field.</msg>
<status status="PASS" starttime="20211130 17:10:52.601" endtime="20211130 17:10:52.624"/>
</kw>
<kw name="Fill Text" library="Browser">
<arg>${INPUT_SENHA}</arg>
<arg>${user}[senha]</arg>
<tag>PageContent</tag>
<tag>Setter</tag>
<doc>Clears and fills the given ``txt`` into the text field found by ``selector``.</doc>
<msg timestamp="20211130 17:10:52.625" level="INFO">Fills the text 'teste123' in the given field.</msg>
<status status="PASS" starttime="20211130 17:10:52.625" endtime="20211130 17:10:52.643"/>
</kw>
<status status="PASS" starttime="20211130 17:10:52.600" endtime="20211130 17:10:52.644"/>
</kw>
<kw name="Submeter o Formulário" library="LoginActions">
<kw name="Click" library="Browser">
<arg>css=.submit-button &gt;&gt; text=Entrar</arg>
<tag>PageContent</tag>
<tag>Setter</tag>
<doc>Simulates mouse click on the element found by ``selector``.</doc>
<status status="PASS" starttime="20211130 17:10:52.645" endtime="20211130 17:10:52.710"/>
</kw>
<status status="PASS" starttime="20211130 17:10:52.644" endtime="20211130 17:10:52.711"/>
</kw>
<kw name="Verificar Modal de Alerta" library="_SharedActions">
<arg>Usuário e/ou senha inválidos.</arg>
<kw name="Set Variable" library="BuiltIn">
<var>${modal_element}</var>
<arg>css=.swal2-html-container</arg>
<doc>Returns the given values which can then be assigned to a variables.</doc>
<msg timestamp="20211130 17:10:52.712" level="INFO">${modal_element} = css=.swal2-html-container</msg>
<status status="PASS" starttime="20211130 17:10:52.711" endtime="20211130 17:10:52.712"/>
</kw>
<kw name="Set Variable" library="BuiltIn">
<var>${modal_title}</var>
<arg>css=.swal2-title</arg>
<doc>Returns the given values which can then be assigned to a variables.</doc>
<msg timestamp="20211130 17:10:52.712" level="INFO">${modal_title} = css=.swal2-title</msg>
<status status="PASS" starttime="20211130 17:10:52.712" endtime="20211130 17:10:52.712"/>
</kw>
<kw name="Wait For Elements State" library="Browser">
<arg>${modal_title}</arg>
<arg>Visible</arg>
<arg>5</arg>
<tag>PageContent</tag>
<tag>Wait</tag>
<doc>Waits for the element found by ``selector`` to satisfy state option.</doc>
<msg timestamp="20211130 17:10:53.654" level="INFO">Wait for Element with selector: css=.swal2-title</msg>
<status status="PASS" starttime="20211130 17:10:52.713" endtime="20211130 17:10:53.654"/>
</kw>
<kw name="Get Text" library="Browser">
<arg>${modal_title}</arg>
<arg>equal</arg>
<arg>Oops...</arg>
<tag>Assertion</tag>
<tag>Getter</tag>
<tag>PageContent</tag>
<doc>Returns text attribute of the element found by ``selector``.</doc>
<status status="PASS" starttime="20211130 17:10:53.655" endtime="20211130 17:10:53.672"/>
</kw>
<kw name="Wait For Elements State" library="Browser">
<arg>${modal_element}</arg>
<arg>Visible</arg>
<arg>5</arg>
<tag>PageContent</tag>
<tag>Wait</tag>
<doc>Waits for the element found by ``selector`` to satisfy state option.</doc>
<msg timestamp="20211130 17:10:53.687" level="INFO">Wait for Element with selector: css=.swal2-html-container</msg>
<status status="PASS" starttime="20211130 17:10:53.673" endtime="20211130 17:10:53.687"/>
</kw>
<kw name="Get Text" library="Browser">
<arg>${modal_element}</arg>
<arg>equal</arg>
<arg>${expect_mensagem}</arg>
<tag>Assertion</tag>
<tag>Getter</tag>
<tag>PageContent</tag>
<doc>Returns text attribute of the element found by ``selector``.</doc>
<status status="PASS" starttime="20211130 17:10:53.688" endtime="20211130 17:10:53.703"/>
</kw>
<status status="PASS" starttime="20211130 17:10:52.711" endtime="20211130 17:10:53.704"/>
</kw>
<kw name="Encerrar Sessão" library="Base" type="TEARDOWN">
<kw name="Take Screenshot" library="Browser">
<tag>PageContent</tag>
<doc>Takes a screenshot of the current window or element and saves it to disk.</doc>
<msg timestamp="20211130 17:10:53.900" level="INFO" html="true">&lt;/td&gt;&lt;/tr&gt;&lt;tr&gt;&lt;td colspan="3"&gt;&lt;a href="browser/screenshot/robotframework-browser-screenshot-2.png"&gt;&lt;img src="browser/screenshot/robotframework-browser-screenshot-2.png" width="800px"&gt;&lt;/a&gt;</msg>
<status status="PASS" starttime="20211130 17:10:53.704" endtime="20211130 17:10:53.900"/>
</kw>
<status status="PASS" starttime="20211130 17:10:53.704" endtime="20211130 17:10:53.900"/>
</kw>
<status status="PASS" starttime="20211130 17:10:49.195" endtime="20211130 17:10:53.901"/>
</test>
<test id="s1-t4" name="Logar com email inválido">
<kw name="Acessar Página Web" library="Base" type="SETUP">
<kw name="New Browser" library="Browser">
<arg>chromium</arg>
<arg>headless=false</arg>
<arg>slowMo=00:00:00</arg>
<tag>BrowserControl</tag>
<tag>Setter</tag>
<doc>Create a new playwright Browser with specified options.</doc>
<msg timestamp="20211130 17:10:53.955" level="INFO">{"browser": "chromium", "headless": false, "handleSIGINT": true, "handleSIGTERM": true, "handleSIGHUP": true, "timeout": 30000.0, "devtools": false, "slowMo": 0.0, "tracesDir": "D:\\Projetos_Git\\Gravidade-ZERO-Pro\\logs\\browser\\traces\\9779d7c9-7fb3-43e5-b2a8-cc0c0e578b83"}</msg>
<msg timestamp="20211130 17:10:54.665" level="INFO">Successfully created browser with options: {"browser":"chromium","headless":false,"handleSIGINT":true,"handleSIGTERM":true,"handleSIGHUP":true,"timeout":30000,"devtools":false,"slowMo":0,"tracesDir":"D:\\Projetos_Git\\Gravidade-ZERO-Pro\\logs\\browser\\traces\\9779d7c9-7fb3-43e5-b2a8-cc0c0e578b83"}</msg>
<status status="PASS" starttime="20211130 17:10:53.954" endtime="20211130 17:10:54.665"/>
</kw>
<kw name="New Page" library="Browser">
<arg>${urlBase}</arg>
<tag>BrowserControl</tag>
<tag>Setter</tag>
<doc>Open a new Page. A Page is the Playwright equivalent to a tab.
See `Browser, Context and Page` for more information about Page concept.
Returns a stable identifier for the created page.</doc>
<msg timestamp="20211130 17:10:57.151" level="INFO">Successfully initialized new page object and opened url: https://getgeeks-patrick.herokuapp.com</msg>
<msg timestamp="20211130 17:10:57.151" level="INFO">No context was open. New context was automatically opened when this page is created.</msg>
<status status="PASS" starttime="20211130 17:10:54.666" endtime="20211130 17:10:57.151"/>
</kw>
<status status="PASS" starttime="20211130 17:10:53.953" endtime="20211130 17:10:57.151"/>
</kw>
<kw name="Create Dictionary" library="BuiltIn">
<var>${user}</var>
<arg>email=patrickisrael.com.br</arg>
<arg>senha=teste123</arg>
<doc>Creates and returns a dictionary based on the given ``items``.</doc>
<msg timestamp="20211130 17:10:57.152" level="INFO">${user} = {'email': 'patrickisrael.com.br', 'senha': 'teste123'}</msg>
<status status="PASS" starttime="20211130 17:10:57.152" endtime="20211130 17:10:57.152"/>
</kw>
<kw name="Ir para a tela de login" library="LoginActions">
<kw name="Go To" library="Browser">
<arg>${urlBase}</arg>
<tag>BrowserControl</tag>
<tag>Setter</tag>
<doc>Navigates to the given ``url``.</doc>
<msg timestamp="20211130 17:10:57.703" level="INFO">Successfully opened URL https://getgeeks-patrick.herokuapp.com</msg>
<status status="PASS" starttime="20211130 17:10:57.153" endtime="20211130 17:10:57.703"/>
</kw>
<kw name="Wait For Elements State" library="Browser">
<arg>css=.login-form</arg>
<arg>visible</arg>
<arg>5</arg>
<tag>PageContent</tag>
<tag>Wait</tag>
<doc>Waits for the element found by ``selector`` to satisfy state option.</doc>
<msg timestamp="20211130 17:10:57.727" level="INFO">Wait for Element with selector: css=.login-form</msg>
<status status="PASS" starttime="20211130 17:10:57.703" endtime="20211130 17:10:57.727"/>
</kw>
<status status="PASS" starttime="20211130 17:10:57.152" endtime="20211130 17:10:57.727"/>
</kw>
<kw name="Preencher as credenciais" library="LoginActions">
<arg>${user}</arg>
<kw name="Fill Text" library="Browser">
<arg>${INPUT_EMAIL}</arg>
<arg>${user}[email]</arg>
<tag>PageContent</tag>
<tag>Setter</tag>
<doc>Clears and fills the given ``txt`` into the text field found by ``selector``.</doc>
<msg timestamp="20211130 17:10:57.728" level="INFO">Fills the text 'patrickisrael.com.br' in the given field.</msg>
<status status="PASS" starttime="20211130 17:10:57.728" endtime="20211130 17:10:57.750"/>
</kw>
<kw name="Fill Text" library="Browser">
<arg>${INPUT_SENHA}</arg>
<arg>${user}[senha]</arg>
<tag>PageContent</tag>
<tag>Setter</tag>
<doc>Clears and fills the given ``txt`` into the text field found by ``selector``.</doc>
<msg timestamp="20211130 17:10:57.751" level="INFO">Fills the text 'teste123' in the given field.</msg>
<status status="PASS" starttime="20211130 17:10:57.750" endtime="20211130 17:10:57.770"/>
</kw>
<status status="PASS" starttime="20211130 17:10:57.728" endtime="20211130 17:10:57.770"/>
</kw>
<kw name="Submeter o Formulário" library="LoginActions">
<kw name="Click" library="Browser">
<arg>css=.submit-button &gt;&gt; text=Entrar</arg>
<tag>PageContent</tag>
<tag>Setter</tag>
<doc>Simulates mouse click on the element found by ``selector``.</doc>
<status status="PASS" starttime="20211130 17:10:57.771" endtime="20211130 17:10:57.822"/>
</kw>
<status status="PASS" starttime="20211130 17:10:57.771" endtime="20211130 17:10:57.822"/>
</kw>
<kw name="Email Inválido" library="LoginActions">
<kw name="Get Property" library="Browser">
<arg>${INPUT_EMAIL}</arg>
<arg>type</arg>
<arg>equal</arg>
<arg>email</arg>
<tag>Assertion</tag>
<tag>Getter</tag>
<tag>PageContent</tag>
<doc>Returns the ``property`` of the element found by ``selector``.</doc>
<status status="PASS" starttime="20211130 17:10:57.823" endtime="20211130 17:10:57.844"/>
</kw>
<status status="PASS" starttime="20211130 17:10:57.822" endtime="20211130 17:10:57.844"/>
</kw>
<kw name="Encerrar Sessão" library="Base" type="TEARDOWN">
<kw name="Take Screenshot" library="Browser">
<tag>PageContent</tag>
<doc>Takes a screenshot of the current window or element and saves it to disk.</doc>
<msg timestamp="20211130 17:10:58.217" level="INFO" html="true">&lt;/td&gt;&lt;/tr&gt;&lt;tr&gt;&lt;td colspan="3"&gt;&lt;a href="browser/screenshot/robotframework-browser-screenshot-3.png"&gt;&lt;img src="browser/screenshot/robotframework-browser-screenshot-3.png" width="800px"&gt;&lt;/a&gt;</msg>
<status status="PASS" starttime="20211130 17:10:57.845" endtime="20211130 17:10:58.217"/>
</kw>
<status status="PASS" starttime="20211130 17:10:57.845" endtime="20211130 17:10:58.217"/>
</kw>
<status status="PASS" starttime="20211130 17:10:53.950" endtime="20211130 17:10:58.218"/>
</test>
<doc>Suite de Testes da tela de login de usuário</doc>
<status status="FAIL" starttime="20211130 17:10:25.856" endtime="20211130 17:10:58.270"/>
</suite>
<statistics>
<total>
<stat pass="3" fail="1" skip="0">All Tests</stat>
</total>
<tag>
</tag>
<suite>
<stat pass="3" fail="1" skip="0" id="s1" name="Login">Login</stat>
</suite>
</statistics>
<errors>
<msg timestamp="20211130 17:10:49.123" level="WARN">Keyword 'Take Screenshot' could not be run on failure:
Error: Tried to take screenshot, but no page was open.</msg>
<msg timestamp="20211130 17:10:49.140" level="WARN">Keyword 'Take Screenshot' could not be run on failure:
Error: Tried to take screenshot, but no page was open.</msg>
</errors>
</robot>
